[debug] [2022-08-02T17:18:44.974Z] ----------------------------------------------------------------------
[debug] [2022-08-02T17:18:44.977Z] Command:       /usr/local/bin/firebase /root/.cache/firebase/tools/lib/node_modules/firebase-tools/lib/bin/firebase deploy
[debug] [2022-08-02T17:18:44.978Z] CLI Version:   11.4.0
[debug] [2022-08-02T17:18:44.978Z] Platform:      linux
[debug] [2022-08-02T17:18:44.978Z] Node Version:  v16.16.0
[debug] [2022-08-02T17:18:44.979Z] Time:          Tue Aug 02 2022 17:18:44 GMT+0000 (Coordinated Universal Time)
[debug] [2022-08-02T17:18:44.979Z] ----------------------------------------------------------------------
[debug] 
[debug] [2022-08-02T17:18:45.060Z] > command requires scopes: ["email","openid","https://www.googleapis.com/auth/cloudplatformprojects.readonly","https://www.googleapis.com/auth/firebase","https://www.googleapis.com/auth/cloud-platform"]
[debug] [2022-08-02T17:18:45.061Z] > authorizing via signed-in user (pornopopeye@gmail.com)
[debug] [2022-08-02T17:18:45.061Z] [iam] checking project video-games-news-blog for permissions ["firebase.projects.get","firebasehosting.sites.update"]
[debug] [2022-08-02T17:18:45.063Z] >>> [apiv2][query] POST https://cloudresourcemanager.googleapis.com/v1/projects/video-games-news-blog:testIamPermissions [none]
[debug] [2022-08-02T17:18:45.064Z] >>> [apiv2][(partial)header] POST https://cloudresourcemanager.googleapis.com/v1/projects/video-games-news-blog:testIamPermissions x-goog-quota-user=projects/video-games-news-blog
[debug] [2022-08-02T17:18:45.064Z] >>> [apiv2][body] POST https://cloudresourcemanager.googleapis.com/v1/projects/video-games-news-blog:testIamPermissions {"permissions":["firebase.projects.get","firebasehosting.sites.update"]}
[debug] [2022-08-02T17:18:45.865Z] <<< [apiv2][status] POST https://cloudresourcemanager.googleapis.com/v1/projects/video-games-news-blog:testIamPermissions 200
[debug] [2022-08-02T17:18:45.865Z] <<< [apiv2][body] POST https://cloudresourcemanager.googleapis.com/v1/projects/video-games-news-blog:testIamPermissions {"permissions":["firebase.projects.get","firebasehosting.sites.update"]}
[debug] [2022-08-02T17:18:45.867Z] >>> [apiv2][query] GET https://firebase.googleapis.com/v1beta1/projects/video-games-news-blog [none]
[debug] [2022-08-02T17:18:56.431Z] <<< [apiv2][status] GET https://firebase.googleapis.com/v1beta1/projects/video-games-news-blog 503
[debug] [2022-08-02T17:18:56.443Z] <<< [apiv2][body] GET https://firebase.googleapis.com/v1beta1/projects/video-games-news-blog {"error":{"code":503,"message":"Deadline exceeded from RTDB Metadata Server.","status":"UNAVAILABLE"}}
[debug] [2022-08-02T17:18:56.445Z] HTTP Error: 503, Deadline exceeded from RTDB Metadata Server.
[debug] [2022-08-02T17:18:56.446Z] FirebaseError: HTTP Error: 503, Deadline exceeded from RTDB Metadata Server.
    at responseToError (/root/.cache/firebase/tools/lib/node_modules/firebase-tools/lib/responseToError.js:49:12)
    at RetryOperation._fn (/root/.cache/firebase/tools/lib/node_modules/firebase-tools/lib/apiv2.js:288:77)
    at processTicksAndRejections (node:internal/process/task_queues:96:5)
[error] 
[error] Error: Failed to get Firebase project video-games-news-blog. Please make sure the project exists and your account has permission to access it.
